Release 14.7 - xst P.20131013 (nt64)
Copyright (c) 1995-2013 Xilinx, Inc.  All rights reserved.
--> Parameter TMPDIR set to xst/projnav.tmp


Total REAL time to Xst completion: 1.00 secs
Total CPU time to Xst completion: 0.34 secs
 
--> Parameter xsthdpdir set to xst


Total REAL time to Xst completion: 1.00 secs
Total CPU time to Xst completion: 0.40 secs
 
--> Reading design: Debounce.prj

TABLE OF CONTENTS
  1) Synthesis Options Summary
  2) HDL Parsing
  3) HDL Elaboration
  4) HDL Synthesis
       4.1) HDL Synthesis Report
  5) Advanced HDL Synthesis
       5.1) Advanced HDL Synthesis Report
  6) Low Level Synthesis
  7) Partition Report
  8) Design Summary
       8.1) Primitive and Black Box Usage
       8.2) Device utilization summary
       8.3) Partition Resource Summary
       8.4) Timing Report
            8.4.1) Clock Information
            8.4.2) Asynchronous Control Signals Information
            8.4.3) Timing Summary
            8.4.4) Timing Details
            8.4.5) Cross Clock Domains Report


=========================================================================
*                      Synthesis Options Summary                        *
=========================================================================
---- Source Parameters
Input File Name                    : "Debounce.prj"
Ignore Synthesis Constraint File   : NO

---- Target Parameters
Output File Name                   : "Debounce"
Output Format                      : NGC
Target Device                      : xc6slx45-3-csg324

---- Source Options
Top Module Name                    : Debounce
Automatic FSM Extraction           : YES
FSM Encoding Algorithm             : Auto
Safe Implementation                : No
FSM Style                          : LUT
RAM Extraction                     : Yes
RAM Style                          : Auto
ROM Extraction                     : Yes
Shift Register Extraction          : YES
ROM Style                          : Auto
Resource Sharing                   : YES
Asynchronous To Synchronous        : NO
Shift Register Minimum Size        : 2
Use DSP Block                      : Auto
Automatic Register Balancing       : No

---- Target Options
LUT Combining                      : Auto
Reduce Control Sets                : Auto
Add IO Buffers                     : YES
Global Maximum Fanout              : 100000
Add Generic Clock Buffer(BUFG)     : 16
Register Duplication               : YES
Optimize Instantiated Primitives   : NO
Use Clock Enable                   : Auto
Use Synchronous Set                : Auto
Use Synchronous Reset              : Auto
Pack IO Registers into IOBs        : Auto
Equivalent register Removal        : YES

---- General Options
Optimization Goal                  : Speed
Optimization Effort                : 1
Power Reduction                    : NO
Keep Hierarchy                     : No
Netlist Hierarchy                  : As_Optimized
RTL Output                         : Yes
Global Optimization                : AllClockNets
Read Cores                         : YES
Write Timing Constraints           : NO
Cross Clock Analysis               : NO
Hierarchy Separator                : /
Bus Delimiter                      : <>
Case Specifier                     : Maintain
Slice Utilization Ratio            : 100
BRAM Utilization Ratio             : 100
DSP48 Utilization Ratio            : 100
Auto BRAM Packing                  : NO
Slice Utilization Ratio Delta      : 5

=========================================================================


=========================================================================
*                          HDL Parsing                                  *
=========================================================================
Parsing VHDL file "C:\Users\Scott\Google Drive\School Docs\EE\EE478\Final Project\vendor\DFF.vhd" into library work
Parsing entity <DFF>.
Parsing architecture <Behavioral> of entity <dff>.
Parsing VHDL file "C:\Users\Scott\Google Drive\School Docs\EE\EE478\Final Project\vendor\ck_divider.vhd" into library work
Parsing entity <ck_divider>.
Parsing architecture <Behavioral> of entity <ck_divider>.
Parsing VHDL file "C:\Users\Scott\Google Drive\School Docs\EE\EE478\Final Project\vendor\Debounce.vhd" into library work
Parsing entity <Debounce>.
Parsing architecture <Behavioral> of entity <debounce>.

=========================================================================
*                            HDL Elaboration                            *
=========================================================================

Elaborating entity <Debounce> (architecture <Behavioral>) from library <work>.

Elaborating entity <ck_divider> (architecture <Behavioral>) from library <work>.

Elaborating entity <DFF> (architecture <Behavioral>) from library <work>.

=========================================================================
*                           HDL Synthesis                               *
=========================================================================

Synthesizing Unit <Debounce>.
    Related source file is "C:\Users\Scott\Google Drive\School Docs\EE\EE478\Final Project\vendor\Debounce.vhd".
    Summary:
	no macro.
Unit <Debounce> synthesized.

Synthesizing Unit <ck_divider>.
    Related source file is "C:\Users\Scott\Google Drive\School Docs\EE\EE478\Final Project\vendor\ck_divider.vhd".
    Found 10-bit register for signal <count1>.
    Found 10-bit register for signal <count2>.
    Found 10-bit register for signal <count3>.
    Found 1-bit register for signal <D>.
    Found 10-bit register for signal <count0>.
    Found 10-bit adder for signal <count0[9]_GND_4_o_add_0_OUT> created at line 23.
    Found 10-bit adder for signal <count1[9]_GND_4_o_add_2_OUT> created at line 26.
    Found 10-bit adder for signal <count2[9]_GND_4_o_add_4_OUT> created at line 29.
    Found 10-bit adder for signal <count3[9]_GND_4_o_add_6_OUT> created at line 32.
    Summary:
	inferred   4 Adder/Subtractor(s).
	inferred  41 D-type flip-flop(s).
Unit <ck_divider> synthesized.

Synthesizing Unit <DFF>.
    Related source file is "C:\Users\Scott\Google Drive\School Docs\EE\EE478\Final Project\vendor\DFF.vhd".
    Found 1-bit register for signal <Q>.
    Summary:
	inferred   1 D-type flip-flop(s).
Unit <DFF> synthesized.

=========================================================================
HDL Synthesis Report

Macro Statistics
# Adders/Subtractors                                   : 4
 10-bit adder                                          : 4
# Registers                                            : 8
 1-bit register                                        : 4
 10-bit register                                       : 4

=========================================================================

=========================================================================
*                       Advanced HDL Synthesis                          *
=========================================================================


Synthesizing (advanced) Unit <ck_divider>.
The following registers are absorbed into counter <count0>: 1 register on signal <count0>.
The following registers are absorbed into counter <count1>: 1 register on signal <count1>.
The following registers are absorbed into counter <count2>: 1 register on signal <count2>.
The following registers are absorbed into counter <count3>: 1 register on signal <count3>.
Unit <ck_divider> synthesized (advanced).

=========================================================================
Advanced HDL Synthesis Report

Macro Statistics
# Counters                                             : 4
 10-bit up counter                                     : 4
# Registers                                            : 4
 Flip-Flops                                            : 4

=========================================================================

=========================================================================
*                         Low Level Synthesis                           *
=========================================================================

Optimizing unit <Debounce> ...

Optimizing unit <ck_divider> ...

Mapping all equations...
Building and optimizing final netlist ...
Found area constraint ratio of 100 (+ 5) on block Debounce, actual ratio is 0.

Final Macro Processing ...

=========================================================================
Final Register Report

Macro Statistics
# Registers                                            : 44
 Flip-Flops                                            : 44

=========================================================================

=========================================================================
*                           Partition Report                            *
=========================================================================

Partition Implementation Status
-------------------------------

  No Partitions were found in this design.

-------------------------------

=========================================================================
*                            Design Summary                             *
=========================================================================

Top Level Output File Name         : Debounce.ngc

Primitive and Black Box Usage:
------------------------------
# BELS                             : 163
#      GND                         : 1
#      INV                         : 4
#      LUT1                        : 36
#      LUT3                        : 2
#      LUT4                        : 1
#      LUT5                        : 14
#      LUT6                        : 28
#      MUXCY                       : 36
#      VCC                         : 1
#      XORCY                       : 40
# FlipFlops/Latches                : 44
#      FD                          : 34
#      FDR                         : 10
# Clock Buffers                    : 1
#      BUFGP                       : 1
# IO Buffers                       : 2
#      IBUF                        : 1
#      OBUF                        : 1

Device utilization summary:
---------------------------

Selected Device : 6slx45csg324-3 


Slice Logic Utilization: 
 Number of Slice Registers:              44  out of  54576     0%  
 Number of Slice LUTs:                   85  out of  27288     0%  
    Number used as Logic:                85  out of  27288     0%  

Slice Logic Distribution: 
 Number of LUT Flip Flop pairs used:     87
   Number with an unused Flip Flop:      43  out of     87    49%  
   Number with an unused LUT:             2  out of     87     2%  
   Number of fully used LUT-FF pairs:    42  out of     87    48%  
   Number of unique control sets:         3

IO Utilization: 
 Number of IOs:                           3
 Number of bonded IOBs:                   3  out of    218     1%  

Specific Feature Utilization:
 Number of BUFG/BUFGCTRLs:                1  out of     16     6%  

---------------------------
Partition Resource Summary:
---------------------------

  No Partitions were found in this design.

---------------------------


=========================================================================
Timing Report

NOTE: THESE TIMING NUMBERS ARE ONLY A SYNTHESIS ESTIMATE.
      FOR ACCURATE TIMING INFORMATION PLEASE REFER TO THE TRACE REPORT
      GENERATED AFTER PLACE-and-ROUTE.

Clock Information:
------------------
-----------------------------------+------------------------+-------+
Clock Signal                       | Clock buffer(FF name)  | Load  |
-----------------------------------+------------------------+-------+
CLOCKDIVIDE/D                      | NONE(DFF2/Q)           | 3     |
CLK                                | BUFGP                  | 41    |
-----------------------------------+------------------------+-------+
INFO:Xst:2169 - HDL ADVISOR - Some clock signals were not automatically buffered by XST with BUFG/BUFR resources. Please use the buffer_type constraint in order to insert these buffers to the clock signals to help prevent skew problems.

Asynchronous Control Signals Information:
----------------------------------------
No asynchronous control signals found in this design

Timing Summary:
---------------
Speed Grade: -3

   Minimum period: 4.693ns (Maximum Frequency: 213.065MHz)
   Minimum input arrival time before clock: 1.903ns
   Maximum output required time after clock: 4.647ns
   Maximum combinational path delay: No path found

Timing Details:
---------------
All values displayed in nanoseconds (ns)

=========================================================================
Timing constraint: Default period analysis for Clock 'CLOCKDIVIDE/D'
  Clock period: 1.165ns (frequency: 858.185MHz)
  Total number of paths / destination ports: 2 / 2
-------------------------------------------------------------------------
Delay:               1.165ns (Levels of Logic = 0)
  Source:            DFF1/Q (FF)
  Destination:       DFF2/Q (FF)
  Source Clock:      CLOCKDIVIDE/D rising
  Destination Clock: CLOCKDIVIDE/D rising

  Data Path: DFF1/Q to DFF2/Q
                                Gate     Net
    Cell:in->out      fanout   Delay   Delay  Logical Name (Net Name)
    ----------------------------------------  ------------
     FD:C->Q               2   0.447   0.616  DFF1/Q (DFF1/Q)
     FD:D                      0.102          DFF2/Q
    ----------------------------------------
    Total                      1.165ns (0.549ns logic, 0.616ns route)
                                       (47.1% logic, 52.9% route)

=========================================================================
Timing constraint: Default period analysis for Clock 'CLK'
  Clock period: 4.693ns (frequency: 213.065MHz)
  Total number of paths / destination ports: 1771 / 51
-------------------------------------------------------------------------
Delay:               4.693ns (Levels of Logic = 4)
  Source:            CLOCKDIVIDE/count0_1 (FF)
  Destination:       CLOCKDIVIDE/count3_9 (FF)
  Source Clock:      CLK rising
  Destination Clock: CLK rising

  Data Path: CLOCKDIVIDE/count0_1 to CLOCKDIVIDE/count3_9
                                Gate     Net
    Cell:in->out      fanout   Delay   Delay  Logical Name (Net Name)
    ----------------------------------------  ------------
     FDR:C->Q              2   0.447   0.961  CLOCKDIVIDE/count0_1 (CLOCKDIVIDE/count0_1)
     LUT5:I0->O            3   0.203   0.651  CLOCKDIVIDE/GND_4_o_count0[9]_equal_2_o<9>_SW0 (N6)
     LUT6:I5->O           10   0.205   0.857  CLOCKDIVIDE/GND_4_o_count0[9]_equal_2_o<9>_1 (CLOCKDIVIDE/GND_4_o_count0[9]_equal_2_o<9>)
     LUT4:I3->O           10   0.205   0.857  CLOCKDIVIDE/_n00663 (CLOCKDIVIDE/_n0066)
     LUT6:I5->O            1   0.205   0.000  CLOCKDIVIDE/count3_9_rstpot1 (CLOCKDIVIDE/count3_9_rstpot1)
     FD:D                      0.102          CLOCKDIVIDE/count3_9
    ----------------------------------------
    Total                      4.693ns (1.367ns logic, 3.326ns route)
                                       (29.1% logic, 70.9% route)

=========================================================================
Timing constraint: Default OFFSET IN BEFORE for Clock 'CLOCKDIVIDE/D'
  Total number of paths / destination ports: 1 / 1
-------------------------------------------------------------------------
Offset:              1.903ns (Levels of Logic = 1)
  Source:            Button (PAD)
  Destination:       DFF0/Q (FF)
  Destination Clock: CLOCKDIVIDE/D rising

  Data Path: Button to DFF0/Q
                                Gate     Net
    Cell:in->out      fanout   Delay   Delay  Logical Name (Net Name)
    ----------------------------------------  ------------
     IBUF:I->O             1   1.222   0.579  Button_IBUF (Button_IBUF)
     FD:D                      0.102          DFF0/Q
    ----------------------------------------
    Total                      1.903ns (1.324ns logic, 0.579ns route)
                                       (69.6% logic, 30.4% route)

=========================================================================
Timing constraint: Default OFFSET OUT AFTER for Clock 'CLOCKDIVIDE/D'
  Total number of paths / destination ports: 3 / 1
-------------------------------------------------------------------------
Offset:              4.647ns (Levels of Logic = 2)
  Source:            DFF0/Q (FF)
  Destination:       De_Button (PAD)
  Source Clock:      CLOCKDIVIDE/D rising

  Data Path: DFF0/Q to De_Button
                                Gate     Net
    Cell:in->out      fanout   Delay   Delay  Logical Name (Net Name)
    ----------------------------------------  ------------
     FD:C->Q               2   0.447   0.845  DFF0/Q (DFF0/Q)
     LUT3:I0->O            1   0.205   0.579  De_Button1 (De_Button_OBUF)
     OBUF:I->O                 2.571          De_Button_OBUF (De_Button)
    ----------------------------------------
    Total                      4.647ns (3.223ns logic, 1.424ns route)
                                       (69.4% logic, 30.6% route)

=========================================================================

Cross Clock Domains Report:
--------------------------

Clock to Setup on destination clock CLK
---------------+---------+---------+---------+---------+
               | Src:Rise| Src:Fall| Src:Rise| Src:Fall|
Source Clock   |Dest:Rise|Dest:Rise|Dest:Fall|Dest:Fall|
---------------+---------+---------+---------+---------+
CLK            |    4.693|         |         |         |
---------------+---------+---------+---------+---------+

Clock to Setup on destination clock CLOCKDIVIDE/D
---------------+---------+---------+---------+---------+
               | Src:Rise| Src:Fall| Src:Rise| Src:Fall|
Source Clock   |Dest:Rise|Dest:Rise|Dest:Fall|Dest:Fall|
---------------+---------+---------+---------+---------+
CLOCKDIVIDE/D  |    1.165|         |         |         |
---------------+---------+---------+---------+---------+

=========================================================================


Total REAL time to Xst completion: 8.00 secs
Total CPU time to Xst completion: 7.85 secs
 
--> 

Total memory usage is 224656 kilobytes

Number of errors   :    0 (   0 filtered)
Number of warnings :    0 (   0 filtered)
Number of infos    :    1 (   0 filtered)

